<?xml version="1.0" encoding="UTF-8" ?>
<testsuite tests="3" failures="1" name="scripts._01_AppleTest" time="4.725" errors="0" skipped="0">
  <properties>
[...]
</properties>
  <testcase classname="scripts._01_AppleTest" name="X" time="0.003">
    <failure message="Failure on purpose" type="java.lang.AssertionError">java.lang.AssertionError: Failure on purpose
	at org.testng.Assert.fail(Assert.java:97)
	at scripts._01_AppleTest.X(_01_AppleTest.java:45)
</failure>
    <system-out>Configuring TestNG with: org.apache.maven.surefire.testng.conf.TestNG652Configurator@44e81672
</system-out>
    <system-err>SLF4J: Failed to load class &quot;org.slf4j.impl.StaticLoggerBinder&quot;.
SLF4J: Defaulting to no-operation (NOP) logger implementation
SLF4J: See http://www.slf4j.org/codes.html#StaticLoggerBinder for further details.
Starting ChromeDriver 101.0.4951.41 (93c720db8323b3ec10d056025ab95c23a31997c9-refs/branch-heads/4951@{#904}) on port 9187
Only local connections are allowed.
Please see https://chromedriver.chromium.org/security-considerations for suggestions on keeping ChromeDriver safe.
ChromeDriver was started successfully.
May 21, 2022 5:07:35 PM org.openqa.selenium.remote.ProtocolHandshake createSession
INFO: Detected dialect: W3C
</system-err>
  </testcase>
  <testcase classname="scripts._01_AppleTest" name="testAppleTitle" time="2.38"/>
  <testcase classname="scripts._01_AppleTest" name="testAppleURL" time="2.342"/>
</testsuite>