<?xml version="1.0" encoding="UTF-8"?>
<testsuite xmlns:xsi="http://www.w3.org/2001/XMLSchema-instance" xsi:schemaLocation="https://maven.apache.org/surefire/maven-surefire-plugin/xsd/surefire-test-report.xsd" name="TestSuite" time="318.955" tests="26" errors="0" skipped="0" failures="6">
  <properties>
[...]
</properties>
  <testcase name="testAppleURL" classname="scripts._01_AppleTest" time="0.516"/>
  <testcase name="testMainHeader" classname="scripts._03_EtsyTest" time="1.185">
    <failure message="The expected text IS NOT displayed expected [Shop Home Sales!] but found [Father&apos;s Day Gifts]" type="java.lang.AssertionError">java.lang.AssertionError: The expected text IS NOT displayed expected [Shop Home Sales!] but found [Father's Day Gifts]
	at scripts._03_EtsyTest.testMainHeader(_03_EtsyTest.java:97)
</failure>
    <system-err><![CDATA[Starting ChromeDriver 102.0.5005.61 (0e59bcc00cc4985ce39ad31c150065f159d95ad3-refs/branch-heads/5005@{#819}) on port 48484
Only local connections are allowed.
Please see https://chromedriver.chromium.org/security-considerations for suggestions on keeping ChromeDriver safe.
ChromeDriver was started successfully.
Jun 11, 2022 3:36:47 PM org.openqa.selenium.remote.ProtocolHandshake createSession
INFO: Detected dialect: W3C
]]></system-err>
  </testcase>
  <testcase name="testGoogleStoreLink" classname="scripts._04_GoogleSearchTest" time="1.323"/>
  <testcase name="testCheckBoxInHeroApp" classname="scripts._05_CheckBoxTest" time="8.848"/>
  <testcase name="testFacebookGenderRadioButtons" classname="scripts._06_RadioButtonTest" time="8.772"/>
  <testcase name="testUnsecurePasswordErrorMessage" classname="scripts._07_DropdownTest" time="4.726"/>
  <testcase name="testExpediaDropdowns" classname="scripts._07_DropdownTest" time="32.27">
    <failure message="stale element reference: element is not attached to the page document&#10;  (Session info: chrome=102.0.5005.61)&#10;For documentation on this error, please visit: https://www.seleniumhq.org/exceptions/stale_element_reference.html&#10;Build info: version: &apos;3.141.59&apos;, revision: &apos;e82be7d358&apos;, time: &apos;2018-11-14T08:17:03&apos;&#10;System info: host: &apos;Denizs-MBP-2.fios-router.home&apos;, ip: &apos;fe80:0:0:0:47e:62e6:2ad6:a696%en0&apos;, os.name: &apos;Mac OS X&apos;, os.arch: &apos;aarch64&apos;, os.version: &apos;12.4&apos;, java.version: &apos;18.0.1&apos;&#10;Driver info: org.openqa.selenium.chrome.ChromeDriver&#10;Capabilities {acceptInsecureCerts: false, browserName: chrome, browserVersion: 102.0.5005.61, chrome: {chromedriverVersion: 102.0.5005.61 (0e59bcc00cc4..., userDataDir: /var/folders/bl/w8ldhy3j0tx...}, goog:chromeOptions: {debuggerAddress: localhost:64913}, javascriptEnabled: true, networkConnectionEnabled: false, pageLoadStrategy: normal, platform: MAC, platformName: MAC, proxy: Proxy(), setWindowRect: true, strictFileInteractability: false, timeouts: {implicit: 0, pageLoad: 300000, script: 30000}, unhandledPromptBehavior: dismiss and notify, webauthn:extension:credBlob: true, webauthn:extension:largeBlob: true, webauthn:virtualAuthenticators: true}&#10;Session ID: 8e9d8ebdc0e47d8900e409b4bc2bec3b" type="org.openqa.selenium.StaleElementReferenceException">org.openqa.selenium.StaleElementReferenceException: 
stale element reference: element is not attached to the page document
  (Session info: chrome=102.0.5005.61)
For documentation on this error, please visit: https://www.seleniumhq.org/exceptions/stale_element_reference.html
Build info: version: '3.141.59', revision: 'e82be7d358', time: '2018-11-14T08:17:03'
System info: host: 'Denizs-MBP-2.fios-router.home', ip: 'fe80:0:0:0:47e:62e6:2ad6:a696%en0', os.name: 'Mac OS X', os.arch: 'aarch64', os.version: '12.4', java.version: '18.0.1'
Driver info: org.openqa.selenium.chrome.ChromeDriver
Capabilities {acceptInsecureCerts: false, browserName: chrome, browserVersion: 102.0.5005.61, chrome: {chromedriverVersion: 102.0.5005.61 (0e59bcc00cc4..., userDataDir: /var/folders/bl/w8ldhy3j0tx...}, goog:chromeOptions: {debuggerAddress: localhost:64913}, javascriptEnabled: true, networkConnectionEnabled: false, pageLoadStrategy: normal, platform: MAC, platformName: MAC, proxy: Proxy(), setWindowRect: true, strictFileInteractability: false, timeouts: {implicit: 0, pageLoad: 300000, script: 30000}, unhandledPromptBehavior: dismiss and notify, webauthn:extension:credBlob: true, webauthn:extension:largeBlob: true, webauthn:virtualAuthenticators: true}
Session ID: 8e9d8ebdc0e47d8900e409b4bc2bec3b
	at scripts._07_DropdownTest.testExpediaDropdowns(_07_DropdownTest.java:79)
</failure>
    <system-err><![CDATA[Starting ChromeDriver 102.0.5005.61 (0e59bcc00cc4985ce39ad31c150065f159d95ad3-refs/branch-heads/5005@{#819}) on port 4180
Only local connections are allowed.
Please see https://chromedriver.chromium.org/security-considerations for suggestions on keeping ChromeDriver safe.
ChromeDriver was started successfully.
Jun 11, 2022 3:37:33 PM org.openqa.selenium.remote.ProtocolHandshake createSession
INFO: Detected dialect: W3C
]]></system-err>
  </testcase>
  <testcase name="testEbayDropdown" classname="scripts._07_DropdownTest" time="2.392"/>
  <testcase name="testEtsySignInModal" classname="scripts._08_Alerts" time="1.736">
    <failure message="expected [Sign in] but found [Sign in to continue]" type="java.lang.AssertionError">java.lang.AssertionError: expected [Sign in] but found [Sign in to continue]
	at scripts._08_Alerts.testEtsySignInModal(_08_Alerts.java:26)
</failure>
    <system-err><![CDATA[Starting ChromeDriver 102.0.5005.61 (0e59bcc00cc4985ce39ad31c150065f159d95ad3-refs/branch-heads/5005@{#819}) on port 23995
Only local connections are allowed.
Please see https://chromedriver.chromium.org/security-considerations for suggestions on keeping ChromeDriver safe.
ChromeDriver was started successfully.
Jun 11, 2022 3:38:15 PM org.openqa.selenium.remote.ProtocolHandshake createSession
INFO: Detected dialect: W3C
]]></system-err>
  </testcase>
  <testcase name="testInformationWarningAlert" classname="scripts._08_Alerts" time="0.627"/>
  <testcase name="testConfirmationAlert" classname="scripts._08_Alerts" time="15.725"/>
  <testcase name="testPromptAlert" classname="scripts._08_Alerts" time="0.944"/>
  <testcase name="testAmazonAddressModal" classname="scripts._08_Alerts" time="9.893">
    <failure message="expected [true] but found [false]" type="java.lang.AssertionError">java.lang.AssertionError: expected [true] but found [false]
	at scripts._08_Alerts.testAmazonAddressModal(_08_Alerts.java:148)
</failure>
    <system-err><![CDATA[Starting ChromeDriver 102.0.5005.61 (0e59bcc00cc4985ce39ad31c150065f159d95ad3-refs/branch-heads/5005@{#819}) on port 18121
Only local connections are allowed.
Please see https://chromedriver.chromium.org/security-considerations for suggestions on keeping ChromeDriver safe.
ChromeDriver was started successfully.
Jun 11, 2022 3:38:50 PM org.openqa.selenium.remote.ProtocolHandshake createSession
INFO: Detected dialect: W3C
]]></system-err>
  </testcase>
  <testcase name="testIFrame1" classname="scripts._09_IFrames" time="9.107"/>
  <testcase name="testIFrame2" classname="scripts._09_IFrames" time="2.11"/>
  <testcase name="testTechGlobalSchoolFaceBookIcon" classname="scripts._10_WindowHandles" time="2.998"/>
  <testcase name="testWindowHandle2" classname="scripts._10_WindowHandles" time="60.687">
    <failure message="no such element: Unable to locate element: {&quot;method&quot;:&quot;css selector&quot;,&quot;selector&quot;:&quot;#content h3&quot;}&#10;  (Session info: chrome=102.0.5005.61)&#10;For documentation on this error, please visit: https://www.seleniumhq.org/exceptions/no_such_element.html&#10;Build info: version: &apos;3.141.59&apos;, revision: &apos;e82be7d358&apos;, time: &apos;2018-11-14T08:17:03&apos;&#10;System info: host: &apos;Denizs-MBP-2.fios-router.home&apos;, ip: &apos;fe80:0:0:0:47e:62e6:2ad6:a696%en0&apos;, os.name: &apos;Mac OS X&apos;, os.arch: &apos;aarch64&apos;, os.version: &apos;12.4&apos;, java.version: &apos;18.0.1&apos;&#10;Driver info: org.openqa.selenium.chrome.ChromeDriver&#10;Capabilities {acceptInsecureCerts: false, browserName: chrome, browserVersion: 102.0.5005.61, chrome: {chromedriverVersion: 102.0.5005.61 (0e59bcc00cc4..., userDataDir: /var/folders/bl/w8ldhy3j0tx...}, goog:chromeOptions: {debuggerAddress: localhost:49770}, javascriptEnabled: true, networkConnectionEnabled: false, pageLoadStrategy: normal, platform: MAC, platformName: MAC, proxy: Proxy(), setWindowRect: true, strictFileInteractability: false, timeouts: {implicit: 0, pageLoad: 300000, script: 30000}, unhandledPromptBehavior: dismiss and notify, webauthn:extension:credBlob: true, webauthn:extension:largeBlob: true, webauthn:virtualAuthenticators: true}&#10;Session ID: db36aec95acdc48c110e422215e5e37b&#10;*** Element info: {Using=css selector, value=#content h3}" type="org.openqa.selenium.NoSuchElementException">org.openqa.selenium.NoSuchElementException: 
no such element: Unable to locate element: {"method":"css selector","selector":"#content h3"}
  (Session info: chrome=102.0.5005.61)
For documentation on this error, please visit: https://www.seleniumhq.org/exceptions/no_such_element.html
Build info: version: '3.141.59', revision: 'e82be7d358', time: '2018-11-14T08:17:03'
System info: host: 'Denizs-MBP-2.fios-router.home', ip: 'fe80:0:0:0:47e:62e6:2ad6:a696%en0', os.name: 'Mac OS X', os.arch: 'aarch64', os.version: '12.4', java.version: '18.0.1'
Driver info: org.openqa.selenium.chrome.ChromeDriver
Capabilities {acceptInsecureCerts: false, browserName: chrome, browserVersion: 102.0.5005.61, chrome: {chromedriverVersion: 102.0.5005.61 (0e59bcc00cc4..., userDataDir: /var/folders/bl/w8ldhy3j0tx...}, goog:chromeOptions: {debuggerAddress: localhost:49770}, javascriptEnabled: true, networkConnectionEnabled: false, pageLoadStrategy: normal, platform: MAC, platformName: MAC, proxy: Proxy(), setWindowRect: true, strictFileInteractability: false, timeouts: {implicit: 0, pageLoad: 300000, script: 30000}, unhandledPromptBehavior: dismiss and notify, webauthn:extension:credBlob: true, webauthn:extension:largeBlob: true, webauthn:virtualAuthenticators: true}
Session ID: db36aec95acdc48c110e422215e5e37b
*** Element info: {Using=css selector, value=#content h3}
	at scripts._10_WindowHandles.testWindowHandle2(_10_WindowHandles.java:58)
</failure>
    <system-err><![CDATA[Starting ChromeDriver 102.0.5005.61 (0e59bcc00cc4985ce39ad31c150065f159d95ad3-refs/branch-heads/5005@{#819}) on port 42893
Only local connections are allowed.
Please see https://chromedriver.chromium.org/security-considerations for suggestions on keeping ChromeDriver safe.
ChromeDriver was started successfully.
Jun 11, 2022 3:39:31 PM org.openqa.selenium.remote.ProtocolHandshake createSession
INFO: Detected dialect: W3C
]]></system-err>
  </testcase>
  <testcase name="testFileUpload1" classname="scripts._11_FileUpload" time="14.701"/>
  <testcase name="testFileDownload" classname="scripts._11_FileUpload" time="0.003">
    <failure message="invalid argument&#10;  (Session info: chrome=102.0.5005.61)&#10;Build info: version: &apos;3.141.59&apos;, revision: &apos;e82be7d358&apos;, time: &apos;2018-11-14T08:17:03&apos;&#10;System info: host: &apos;Denizs-MBP-2.fios-router.home&apos;, ip: &apos;fe80:0:0:0:47e:62e6:2ad6:a696%en0&apos;, os.name: &apos;Mac OS X&apos;, os.arch: &apos;aarch64&apos;, os.version: &apos;12.4&apos;, java.version: &apos;18.0.1&apos;&#10;Driver info: org.openqa.selenium.chrome.ChromeDriver&#10;Capabilities {acceptInsecureCerts: false, browserName: chrome, browserVersion: 102.0.5005.61, chrome: {chromedriverVersion: 102.0.5005.61 (0e59bcc00cc4..., userDataDir: /var/folders/bl/w8ldhy3j0tx...}, goog:chromeOptions: {debuggerAddress: localhost:50145}, javascriptEnabled: true, networkConnectionEnabled: false, pageLoadStrategy: normal, platform: MAC, platformName: MAC, proxy: Proxy(), setWindowRect: true, strictFileInteractability: false, timeouts: {implicit: 0, pageLoad: 300000, script: 30000}, unhandledPromptBehavior: dismiss and notify, webauthn:extension:credBlob: true, webauthn:extension:largeBlob: true, webauthn:virtualAuthenticators: true}&#10;Session ID: cd316e1e45e572f8934f9bd92ad88d38" type="org.openqa.selenium.InvalidArgumentException">org.openqa.selenium.InvalidArgumentException: 
invalid argument
  (Session info: chrome=102.0.5005.61)
Build info: version: '3.141.59', revision: 'e82be7d358', time: '2018-11-14T08:17:03'
System info: host: 'Denizs-MBP-2.fios-router.home', ip: 'fe80:0:0:0:47e:62e6:2ad6:a696%en0', os.name: 'Mac OS X', os.arch: 'aarch64', os.version: '12.4', java.version: '18.0.1'
Driver info: org.openqa.selenium.chrome.ChromeDriver
Capabilities {acceptInsecureCerts: false, browserName: chrome, browserVersion: 102.0.5005.61, chrome: {chromedriverVersion: 102.0.5005.61 (0e59bcc00cc4..., userDataDir: /var/folders/bl/w8ldhy3j0tx...}, goog:chromeOptions: {debuggerAddress: localhost:50145}, javascriptEnabled: true, networkConnectionEnabled: false, pageLoadStrategy: normal, platform: MAC, platformName: MAC, proxy: Proxy(), setWindowRect: true, strictFileInteractability: false, timeouts: {implicit: 0, pageLoad: 300000, script: 30000}, unhandledPromptBehavior: dismiss and notify, webauthn:extension:credBlob: true, webauthn:extension:largeBlob: true, webauthn:virtualAuthenticators: true}
Session ID: cd316e1e45e572f8934f9bd92ad88d38
	at scripts._11_FileUpload.testFileDownload(_11_FileUpload.java:34)
</failure>
    <system-err><![CDATA[Starting ChromeDriver 102.0.5005.61 (0e59bcc00cc4985ce39ad31c150065f159d95ad3-refs/branch-heads/5005@{#819}) on port 37905
Only local connections are allowed.
Please see https://chromedriver.chromium.org/security-considerations for suggestions on keeping ChromeDriver safe.
ChromeDriver was started successfully.
Jun 11, 2022 3:40:54 PM org.openqa.selenium.remote.ProtocolHandshake createSession
INFO: Detected dialect: W3C
]]></system-err>
  </testcase>
  <testcase name="moveToElementPractice1" classname="scripts._12_Actions_Class" time="5.033"/>
  <testcase name="moveToElementPractice2" classname="scripts._12_Actions_Class" time="7.293"/>
  <testcase name="clickOnElementPractice" classname="scripts._12_Actions_Class" time="2.759"/>
  <testcase name="rightClickPractice" classname="scripts._12_Actions_Class" time="2.67"/>
  <testcase name="clickHoldAndReleasePractice" classname="scripts._12_Actions_Class" time="7.703"/>
  <testcase name="sendKeysToAnElement" classname="scripts._12_Actions_Class" time="0.621"/>
  <testcase name="practiceKeyDownAndKeyUp" classname="scripts._12_Actions_Class" time="8.728"/>
</testsuite>