<?xml version="1.0" encoding="UTF-8"?>
<testng-results ignored="2" total="3" passed="1" failed="0" skipped="0">
  <reporter-output>
  </reporter-output>
  <suite started-at="2022-05-31T10:52:04 EDT" name="scripts._07_DropdownTest" finished-at="2022-05-31T10:52:13 EDT" duration-ms="9018">
    <groups>
    </groups>
    <test started-at="2022-05-31T10:52:04 EDT" name="Command line test" finished-at="2022-05-31T10:52:13 EDT" duration-ms="9018">
      <class name="scripts._07_DropdownTest">
        <test-method is-config="true" signature="setup()[pri:0, instance:scripts._07_DropdownTest@77f99a05]" started-at="2022-05-31T10:52:04 EDT" name="setup" finished-at="2022-05-31T10:52:05 EDT" duration-ms="1351" status="PASS">
          <reporter-output>
          </reporter-output>
        </test-method> <!-- setup -->
        <test-method signature="testEbayDropdown()[pri:3, instance:scripts._07_DropdownTest@77f99a05]" started-at="2022-05-31T10:52:05 EDT" name="testEbayDropdown" description="TC242: Validate Ebay dropdown" finished-at="2022-05-31T10:52:10 EDT" duration-ms="4533" status="PASS">
          <reporter-output>
          </reporter-output>
        </test-method> <!-- testEbayDropdown -->
        <test-method is-config="true" signature="teardown()[pri:0, instance:scripts._07_DropdownTest@77f99a05]" started-at="2022-05-31T10:52:10 EDT" name="teardown" finished-at="2022-05-31T10:52:13 EDT" duration-ms="3121" status="PASS">
          <reporter-output>
          </reporter-output>
        </test-method> <!-- teardown -->
      </class> <!-- scripts._07_DropdownTest -->
    </test> <!-- Command line test -->
  </suite> <!-- scripts._07_DropdownTest -->
</testng-results>
