<?xml version="1.0" encoding="UTF-8"?>
<!-- Generated by org.testng.reporters.JUnitXMLReporter -->
<testsuite ignored="2" hostname="Denizs-MBP-2.fios-router.home" failures="0" tests="1" name="Command line test" time="9.018" errors="0" timestamp="2022-05-31T10:52:13 EDT">
  <testcase classname="scripts._07_DropdownTest" name="testEbayDropdown" time="4.533"/>
  <testcase classname="scripts._07_DropdownTest" name="testExpediaDropdowns" time="0.0">
    <ignored/>
  </testcase> <!-- testExpediaDropdowns -->
  <testcase classname="scripts._07_DropdownTest" name="testUnsecurePasswordErrorMessage" time="0.0">
    <ignored/>
  </testcase> <!-- testUnsecurePasswordErrorMessage -->
</testsuite> <!-- Command line test -->
